Emulate Docker CLI using podman. Create /etc/containers/nodocker to quiet msg.

=== Running model with formula ===
red_dummy ~ skin_binary + games + victories + defeats + goals
Optimization terminated successfully.
         Current function value: 0.063643
         Iterations 9

=== Replication Results ===
Skin variable: binary
Outcome: logit
Model: glm
Covariates: performance
Missing: dropna
Position: onehot

                           Logit Regression Results                           
==============================================================================
Dep. Variable:              red_dummy   No. Observations:               123715
Model:                          Logit   Df Residuals:                   123709
Method:                           MLE   Df Model:                            5
Date:                Mon, 17 Nov 2025   Pseudo R-squ.:                 0.06056
Time:                        10:25:50   Log-Likelihood:                -7873.7
converged:                       True   LL-Null:                       -8381.2
Covariance Type:            nonrobust   LLR p-value:                3.301e-217
===============================================================================
                  coef    std err          z      P>|z|      [0.025      0.975]
-------------------------------------------------------------------------------
Intercept      -4.9762      0.038   -131.328      0.000      -5.051      -4.902
skin_binary     0.1516      0.060      2.536      0.011       0.034       0.269
games           0.1417      0.018      7.688      0.000       0.106       0.178
victories      -0.0681      0.024     -2.785      0.005      -0.116      -0.020
defeats         0.0759      0.027      2.815      0.005       0.023       0.129
goals          -0.0402      0.020     -2.046      0.041      -0.079      -0.002
===============================================================================
