Emulate Docker CLI using podman. Create /etc/containers/nodocker to quiet msg.

=== Running model with formula ===
red_dummy ~ skin_binary + height + weight + games + goals + victories + age + yellowCards
Optimization terminated successfully.
         Current function value: 0.062829
         Iterations 9

=== Replication Results ===
Skin variable: binary
Outcome: logit
Model: glm
Covariates: full
Missing: mean
Position: onehot

                           Logit Regression Results                           
==============================================================================
Dep. Variable:              red_dummy   No. Observations:               146028
Model:                          Logit   Df Residuals:                   146019
Method:                           MLE   Df Model:                            8
Date:                Mon, 17 Nov 2025   Pseudo R-squ.:                 0.05814
Time:                        11:00:49   Log-Likelihood:                -9174.8
converged:                       True   LL-Null:                       -9741.1
Covariance Type:            nonrobust   LLR p-value:                3.362e-239
===============================================================================
                  coef    std err          z      P>|z|      [0.025      0.975]
-------------------------------------------------------------------------------
Intercept      -7.0351      0.785     -8.967      0.000      -8.573      -5.497
skin_binary     0.1451      0.058      2.485      0.013       0.031       0.260
height          0.0079      0.006      1.386      0.166      -0.003       0.019
weight          0.0033      0.005      0.615      0.538      -0.007       0.014
games           0.1728      0.008     20.391      0.000       0.156       0.189
goals          -0.0361      0.019     -1.869      0.062      -0.074       0.002
victories      -0.1235      0.016     -7.704      0.000      -0.155      -0.092
age             0.0134      0.006      2.308      0.021       0.002       0.025
yellowCards     0.1168      0.022      5.370      0.000       0.074       0.159
===============================================================================
