Emulate Docker CLI using podman. Create /etc/containers/nodocker to quiet msg.

=== Running model with formula ===
redCards ~ skin + height + weight + games + goals + victories + age + yellowCards
Optimization terminated successfully.
         Current function value: 0.064563
         Iterations 9

=== Replication Results ===
Skin variable: continuous
Outcome: poisson
Model: glm
Covariates: full
Missing: dropna
Position: onehot

                          Poisson Regression Results                          
==============================================================================
Dep. Variable:               redCards   No. Observations:               123715
Model:                        Poisson   Df Residuals:                   123706
Method:                           MLE   Df Model:                            8
Date:                Mon, 17 Nov 2025   Pseudo R-squ.:                 0.06168
Time:                        11:00:44   Log-Likelihood:                -7987.5
converged:                       True   LL-Null:                       -8512.5
Covariance Type:            nonrobust   LLR p-value:                2.383e-221
===============================================================================
                  coef    std err          z      P>|z|      [0.025      0.975]
-------------------------------------------------------------------------------
Intercept      -7.2780      0.833     -8.738      0.000      -8.910      -5.645
skin            0.3153      0.084      3.738      0.000       0.150       0.481
height          0.0091      0.006      1.505      0.132      -0.003       0.021
weight          0.0026      0.006      0.450      0.653      -0.009       0.014
games           0.1561      0.008     19.770      0.000       0.141       0.172
goals          -0.0267      0.018     -1.477      0.140      -0.062       0.009
victories      -0.1093      0.015     -7.229      0.000      -0.139      -0.080
age             0.0148      0.006      2.397      0.017       0.003       0.027
yellowCards     0.1188      0.020      5.848      0.000       0.079       0.159
===============================================================================
