Emulate Docker CLI using podman. Create /etc/containers/nodocker to quiet msg.

=== Running model with formula ===
red_dummy ~ skin
Optimization terminated successfully.
         Current function value: 0.067714
         Iterations 8

=== Replication Results ===
Skin variable: continuous
Outcome: logit
Model: glm
Covariates: none
Missing: dropna
Position: onehot

                           Logit Regression Results                           
==============================================================================
Dep. Variable:              red_dummy   No. Observations:               123715
Model:                          Logit   Df Residuals:                   123713
Method:                           MLE   Df Model:                            1
Date:                Mon, 17 Nov 2025   Pseudo R-squ.:               0.0004696
Time:                        11:00:47   Log-Likelihood:                -8377.2
converged:                       True   LL-Null:                       -8381.2
Covariance Type:            nonrobust   LLR p-value:                  0.005023
==============================================================================
                 coef    std err          z      P>|z|      [0.025      0.975]
------------------------------------------------------------------------------
Intercept     -4.4301      0.036   -122.180      0.000      -4.501      -4.359
skin           0.2417      0.085      2.840      0.005       0.075       0.408
==============================================================================
